<?xml version="1.0" encoding="UTF-8"?>
<coverage generated="1739178081939" clover="3.2.0">
  <project timestamp="1739178081939" name="All files">
    <metrics statements="25" coveredstatements="25" conditionals="3" coveredconditionals="3" methods="6" coveredmethods="6" elements="34" coveredelements="34" complexity="0" loc="25" ncloc="25" packages="1" files="4" classes="4"/>
    <file name="Bord.tsx" path="C:\Users\admin\Desktop\Rs-school react\class-components\rs-react-app\src\components\Bord.tsx">
      <metrics statements="8" coveredstatements="8" conditionals="2" coveredconditionals="2" methods="1" coveredmethods="1"/>
      <line num="1" count="1" type="stmt"/>
      <line num="8" count="3" type="stmt"/>
      <line num="9" count="3" type="cond" truecount="1" falsecount="0"/>
      <line num="10" count="1" type="stmt"/>
      <line num="13" count="2" type="cond" truecount="1" falsecount="0"/>
      <line num="14" count="1" type="stmt"/>
      <line num="17" count="1" type="stmt"/>
      <line num="24" count="1" type="stmt"/>
    </file>
    <file name="Card.tsx" path="C:\Users\admin\Desktop\Rs-school react\class-components\rs-react-app\src\components\Card.tsx">
      <metrics statements="3" coveredstatements="3" conditionals="0" coveredconditionals="0" methods="1" coveredmethods="1"/>
      <line num="1" count="2" type="stmt"/>
      <line num="7" count="3" type="stmt"/>
      <line num="15" count="2" type="stmt"/>
    </file>
    <file name="CardList.tsx" path="C:\Users\admin\Desktop\Rs-school react\class-components\rs-react-app\src\components\CardList.tsx">
      <metrics statements="4" coveredstatements="4" conditionals="0" coveredconditionals="0" methods="2" coveredmethods="2"/>
      <line num="1" count="1" type="stmt"/>
      <line num="7" count="1" type="stmt"/>
      <line num="9" count="2" type="stmt"/>
      <line num="15" count="1" type="stmt"/>
    </file>
    <file name="ErorrButton.tsx" path="C:\Users\admin\Desktop\Rs-school react\class-components\rs-react-app\src\components\ErorrButton.tsx">
      <metrics statements="10" coveredstatements="10" conditionals="1" coveredconditionals="1" methods="2" coveredmethods="2"/>
      <line num="1" count="1" type="stmt"/>
      <line num="2" count="1" type="stmt"/>
      <line num="4" count="1" type="stmt"/>
      <line num="5" count="7" type="stmt"/>
      <line num="7" count="6" type="stmt"/>
      <line num="8" count="1" type="stmt"/>
      <line num="11" count="6" type="cond" truecount="1" falsecount="0"/>
      <line num="12" count="4" type="stmt"/>
      <line num="15" count="2" type="stmt"/>
      <line num="26" count="1" type="stmt"/>
    </file>
  </project>
</coverage>
