{"C:\\Users\\admin\\Desktop\\Rs-school react\\class-components\\rs-react-app\\src\\components\\Bord.tsx": {"path":"C:\\Users\\admin\\Desktop\\Rs-school react\\class-components\\rs-react-app\\src\\components\\Bord.tsx","statementMap":{"0":{"start":{"line":1,"column":0},"end":{"line":1,"column":34}},"1":{"start":{"line":8,"column":13},"end":{"line":22,"column":1}},"2":{"start":{"line":8,"column":28},"end":{"line":8,"column":30}},"3":{"start":{"line":8,"column":39},"end":{"line":8,"column":52}},"4":{"start":{"line":9,"column":2},"end":{"line":11,"column":3}},"5":{"start":{"line":10,"column":4},"end":{"line":10,"column":34}},"6":{"start":{"line":13,"column":2},"end":{"line":15,"column":3}},"7":{"start":{"line":14,"column":4},"end":{"line":14,"column":57}},"8":{"start":{"line":17,"column":2},"end":{"line":21,"column":4}},"9":{"start":{"line":24,"column":0},"end":{"line":24,"column":20}}},"fnMap":{"0":{"name":"(anonymous_1)","decl":{"start":{"line":8,"column":13},"end":{"line":8,"column":14}},"loc":{"start":{"line":8,"column":52},"end":{"line":22,"column":1}}}},"branchMap":{"0":{"loc":{"start":{"line":9,"column":2},"end":{"line":11,"column":3}},"type":"if","locations":[{"start":{"line":9,"column":2},"end":{"line":11,"column":3}}]},"1":{"loc":{"start":{"line":13,"column":2},"end":{"line":15,"column":3}},"type":"if","locations":[{"start":{"line":13,"column":2},"end":{"line":15,"column":3}}]}},"s":{"0":1,"1":1,"2":3,"3":3,"4":3,"5":1,"6":2,"7":1,"8":1,"9":1},"f":{"0":3},"b":{"0":[1],"1":[1]}}
,"C:\\Users\\admin\\Desktop\\Rs-school react\\class-components\\rs-react-app\\src\\components\\Card.tsx": {"path":"C:\\Users\\admin\\Desktop\\Rs-school react\\class-components\\rs-react-app\\src\\components\\Card.tsx","statementMap":{"0":{"start":{"line":1,"column":0},"end":{"line":1,"column":40}},"1":{"start":{"line":7,"column":13},"end":{"line":7,"column":null}},"2":{"start":{"line":7,"column":20},"end":{"line":7,"column":22}},"3":{"start":{"line":7,"column":25},"end":{"line":7,"column":38}},"4":{"start":{"line":7,"column":43},"end":{"line":13,"column":2}},"5":{"start":{"line":15,"column":0},"end":{"line":15,"column":20}}},"fnMap":{"0":{"name":"(anonymous_0)","decl":{"start":{"line":7,"column":13},"end":{"line":7,"column":14}},"loc":{"start":{"line":7,"column":38},"end":{"line":7,"column":null}}}},"branchMap":{},"s":{"0":2,"1":2,"2":3,"3":3,"4":3,"5":2},"f":{"0":3},"b":{}}
,"C:\\Users\\admin\\Desktop\\Rs-school react\\class-components\\rs-react-app\\src\\components\\CardList.tsx": {"path":"C:\\Users\\admin\\Desktop\\Rs-school react\\class-components\\rs-react-app\\src\\components\\CardList.tsx","statementMap":{"0":{"start":{"line":1,"column":0},"end":{"line":1,"column":26}},"1":{"start":{"line":7,"column":17},"end":{"line":7,"column":null}},"2":{"start":{"line":7,"column":32},"end":{"line":7,"column":49}},"3":{"start":{"line":7,"column":54},"end":{"line":13,"column":2}},"4":{"start":{"line":9,"column":35},"end":{"line":11,"column":6}},"5":{"start":{"line":15,"column":0},"end":{"line":15,"column":24}}},"fnMap":{"0":{"name":"(anonymous_1)","decl":{"start":{"line":7,"column":17},"end":{"line":7,"column":18}},"loc":{"start":{"line":7,"column":49},"end":{"line":7,"column":null}}},"1":{"name":"(anonymous_2)","decl":{"start":{"line":9,"column":22},"end":{"line":9,"column":23}},"loc":{"start":{"line":9,"column":30},"end":{"line":9,"column":null}}}},"branchMap":{},"s":{"0":1,"1":1,"2":1,"3":1,"4":2,"5":1},"f":{"0":1,"1":2},"b":{}}
,"C:\\Users\\admin\\Desktop\\Rs-school react\\class-components\\rs-react-app\\src\\components\\ErorrButton.tsx": {"path":"C:\\Users\\admin\\Desktop\\Rs-school react\\class-components\\rs-react-app\\src\\components\\ErorrButton.tsx","statementMap":{"0":{"start":{"line":1,"column":0},"end":{"line":1,"column":33}},"1":{"start":{"line":2,"column":0},"end":{"line":2,"column":34}},"2":{"start":{"line":4,"column":20},"end":{"line":24,"column":1}},"3":{"start":{"line":5,"column":38},"end":{"line":5,"column":53}},"4":{"start":{"line":5,"column":19},"end":{"line":5,"column":21}},"5":{"start":{"line":5,"column":34},"end":{"line":5,"column":38}},"6":{"start":{"line":7,"column":22},"end":{"line":9,"column":3}},"7":{"start":{"line":8,"column":4},"end":{"line":8,"column":24}},"8":{"start":{"line":11,"column":2},"end":{"line":13,"column":3}},"9":{"start":{"line":12,"column":4},"end":{"line":12,"column":34}},"10":{"start":{"line":15,"column":2},"end":{"line":23,"column":4}},"11":{"start":{"line":26,"column":0},"end":{"line":26,"column":27}}},"fnMap":{"0":{"name":"(anonymous_0)","decl":{"start":{"line":4,"column":20},"end":{"line":4,"column":null}},"loc":{"start":{"line":4,"column":20},"end":{"line":24,"column":1}}},"1":{"name":"(anonymous_1)","decl":{"start":{"line":7,"column":22},"end":{"line":7,"column":null}},"loc":{"start":{"line":7,"column":22},"end":{"line":9,"column":3}}}},"branchMap":{"0":{"loc":{"start":{"line":11,"column":2},"end":{"line":13,"column":3}},"type":"if","locations":[{"start":{"line":11,"column":2},"end":{"line":13,"column":3}}]}},"s":{"0":2,"1":2,"2":2,"3":8,"4":7,"5":7,"6":7,"7":1,"8":7,"9":4,"10":3,"11":2},"f":{"0":8,"1":1},"b":{"0":[4]}}
,"C:\\Users\\admin\\Desktop\\Rs-school react\\class-components\\rs-react-app\\src\\components\\Main.tsx": {"path":"C:\\Users\\admin\\Desktop\\Rs-school react\\class-components\\rs-react-app\\src\\components\\Main.tsx","statementMap":{"0":{"start":{"line":1,"column":0},"end":{"line":1,"column":44}},"1":{"start":{"line":2,"column":0},"end":{"line":2,"column":78}},"2":{"start":{"line":3,"column":0},"end":{"line":3,"column":40}},"3":{"start":{"line":4,"column":0},"end":{"line":4,"column":26}},"4":{"start":{"line":5,"column":0},"end":{"line":5,"column":40}},"5":{"start":{"line":6,"column":0},"end":{"line":6,"column":27}},"6":{"start":{"line":21,"column":28},"end":{"line":26,"column":4}},"7":{"start":{"line":21,"column":14},"end":{"line":21,"column":16}},"8":{"start":{"line":21,"column":24},"end":{"line":21,"column":28}},"9":{"start":{"line":27,"column":19},"end":{"line":27,"column":32}},"10":{"start":{"line":28,"column":25},"end":{"line":28,"column":43}},"11":{"start":{"line":29,"column":15},"end":{"line":29,"column":60}},"12":{"start":{"line":31,"column":23},"end":{"line":67,"column":3}},"13":{"start":{"line":31,"column":24},"end":{"line":31,"column":44}},"14":{"start":{"line":31,"column":44},"end":{"line":31,"column":null}},"15":{"start":{"line":32,"column":4},"end":{"line":37,"column":8}},"16":{"start":{"line":32,"column":28},"end":{"line":37,"column":7}},"17":{"start":{"line":39,"column":4},"end":{"line":66,"column":9}},"18":{"start":{"line":43,"column":8},"end":{"line":45,"column":9}},"19":{"start":{"line":44,"column":10},"end":{"line":44,"column":50}},"20":{"start":{"line":46,"column":8},"end":{"line":46,"column":31}},"21":{"start":{"line":49,"column":31},"end":{"line":49,"column":56}},"22":{"start":{"line":51,"column":8},"end":{"line":55,"column":9}},"23":{"start":{"line":52,"column":10},"end":{"line":54,"column":12}},"24":{"start":{"line":53,"column":12},"end":{"line":53,"column":null}},"25":{"start":{"line":57,"column":8},"end":{"line":61,"column":12}},"26":{"start":{"line":57,"column":32},"end":{"line":61,"column":11}},"27":{"start":{"line":62,"column":8},"end":{"line":62,"column":51}},"28":{"start":{"line":65,"column":8},"end":{"line":65,"column":70}},"29":{"start":{"line":65,"column":32},"end":{"line":65,"column":69}},"30":{"start":{"line":68,"column":2},"end":{"line":71,"column":34}},"31":{"start":{"line":69,"column":24},"end":{"line":69,"column":69}},"32":{"start":{"line":70,"column":4},"end":{"line":70,"column":43}},"33":{"start":{"line":73,"column":23},"end":{"line":78,"column":3}},"34":{"start":{"line":74,"column":19},"end":{"line":74,"column":46}},"35":{"start":{"line":75,"column":4},"end":{"line":77,"column":5}},"36":{"start":{"line":76,"column":6},"end":{"line":76,"column":33}},"37":{"start":{"line":80,"column":2},"end":{"line":111,"column":4}},"38":{"start":{"line":114,"column":0},"end":{"line":114,"column":20}}},"fnMap":{"0":{"name":"Main","decl":{"start":{"line":20,"column":9},"end":{"line":20,"column":13}},"loc":{"start":{"line":20,"column":13},"end":{"line":112,"column":1}}},"1":{"name":"(anonymous_4)","decl":{"start":{"line":31,"column":23},"end":{"line":31,"column":24}},"loc":{"start":{"line":31,"column":60},"end":{"line":67,"column":3}}},"2":{"name":"(anonymous_5)","decl":{"start":{"line":32,"column":13},"end":{"line":32,"column":14}},"loc":{"start":{"line":32,"column":23},"end":{"line":32,"column":null}}},"3":{"name":"(anonymous_6)","decl":{"start":{"line":42,"column":12},"end":{"line":42,"column":13}},"loc":{"start":{"line":42,"column":21},"end":{"line":47,"column":7}}},"4":{"name":"(anonymous_7)","decl":{"start":{"line":48,"column":12},"end":{"line":48,"column":13}},"loc":{"start":{"line":48,"column":17},"end":{"line":63,"column":7}}},"5":{"name":"(anonymous_8)","decl":{"start":{"line":52,"column":53},"end":{"line":52,"column":54}},"loc":{"start":{"line":52,"column":61},"end":{"line":53,"column":19}}},"6":{"name":"(anonymous_9)","decl":{"start":{"line":57,"column":17},"end":{"line":57,"column":18}},"loc":{"start":{"line":57,"column":27},"end":{"line":57,"column":null}}},"7":{"name":"(anonymous_10)","decl":{"start":{"line":64,"column":13},"end":{"line":64,"column":null}},"loc":{"start":{"line":64,"column":13},"end":{"line":66,"column":7}}},"8":{"name":"(anonymous_11)","decl":{"start":{"line":65,"column":17},"end":{"line":65,"column":18}},"loc":{"start":{"line":65,"column":27},"end":{"line":65,"column":38}}},"9":{"name":"(anonymous_12)","decl":{"start":{"line":68,"column":12},"end":{"line":68,"column":null}},"loc":{"start":{"line":68,"column":12},"end":{"line":71,"column":3}}},"10":{"name":"(anonymous_13)","decl":{"start":{"line":73,"column":23},"end":{"line":73,"column":24}},"loc":{"start":{"line":73,"column":63},"end":{"line":78,"column":3}}}},"branchMap":{"0":{"loc":{"start":{"line":25,"column":11},"end":{"line":25,"column":52}},"type":"binary-expr","locations":[{"start":{"line":25,"column":11},"end":{"line":25,"column":46}},{"start":{"line":25,"column":50},"end":{"line":25,"column":52}}]},"1":{"loc":{"start":{"line":29,"column":24},"end":{"line":29,"column":55}},"type":"binary-expr","locations":[{"start":{"line":29,"column":24},"end":{"line":29,"column":48}},{"start":{"line":29,"column":52},"end":{"line":29,"column":55}}]},"2":{"loc":{"start":{"line":31,"column":24},"end":{"line":31,"column":44}},"type":"if","locations":[{"start":{"line":31,"column":24},"end":{"line":31,"column":44}}]},"3":{"loc":{"start":{"line":31,"column":44},"end":{"line":31,"column":null}},"type":"if","locations":[{"start":{"line":31,"column":44},"end":{"line":31,"column":null}}]},"4":{"loc":{"start":{"line":43,"column":8},"end":{"line":45,"column":9}},"type":"if","locations":[{"start":{"line":43,"column":8},"end":{"line":45,"column":9}}]},"5":{"loc":{"start":{"line":51,"column":8},"end":{"line":55,"column":9}},"type":"if","locations":[{"start":{"line":51,"column":8},"end":{"line":55,"column":9}}]},"6":{"loc":{"start":{"line":69,"column":33},"end":{"line":69,"column":64}},"type":"binary-expr","locations":[{"start":{"line":69,"column":33},"end":{"line":69,"column":57}},{"start":{"line":69,"column":61},"end":{"line":69,"column":64}}]},"7":{"loc":{"start":{"line":75,"column":4},"end":{"line":77,"column":5}},"type":"if","locations":[{"start":{"line":75,"column":4},"end":{"line":77,"column":5}}]},"8":{"loc":{"start":{"line":83,"column":7},"end":{"line":107,"column":null}},"type":"binary-expr","locations":[{"start":{"line":83,"column":7},"end":{"line":83,"column":24}},{"start":{"line":84,"column":8},"end":{"line":106,"column":null}}]},"9":{"loc":{"start":{"line":94,"column":40},"end":{"line":94,"column":67}},"type":"cond-expr","locations":[{"start":{"line":94,"column":52},"end":{"line":94,"column":58}},{"start":{"line":94,"column":61},"end":{"line":94,"column":67}}]}},"s":{"0":1,"1":1,"2":1,"3":1,"4":1,"5":1,"6":2,"7":1,"8":1,"9":1,"10":1,"11":1,"12":1,"13":1,"14":1,"15":1,"16":1,"17":1,"18":0,"19":0,"20":0,"21":0,"22":0,"23":0,"24":0,"25":0,"26":0,"27":0,"28":0,"29":0,"30":1,"31":1,"32":1,"33":1,"34":0,"35":0,"36":0,"37":1,"38":1},"f":{"0":2,"1":1,"2":1,"3":0,"4":0,"5":0,"6":0,"7":0,"8":0,"9":1,"10":0},"b":{"0":[2,2],"1":[1,1],"2":[0],"3":[0],"4":[0],"5":[0],"6":[1,1],"7":[0],"8":[1,0],"9":[0,0]}}
,"C:\\Users\\admin\\Desktop\\Rs-school react\\class-components\\rs-react-app\\src\\components\\styles\\ErorrButton.css": {"path":"C:\\Users\\admin\\Desktop\\Rs-school react\\class-components\\rs-react-app\\src\\components\\styles\\ErorrButton.css","statementMap":{"0":{"start":{"line":1,"column":20},"end":{"line":1,"column":43}},"1":{"start":{"line":3,"column":0},"end":{"line":3,"column":658}},"2":{"start":{"line":4,"column":0},"end":{"line":4,"column":20}}},"fnMap":{},"branchMap":{},"s":{"0":1,"1":1,"2":1},"f":{},"b":{},"_coverageSchema":"1a1c01bbd47fc00a2c39e90264f33305004495a9","hash":"90d0440d712dc0293703a7001d00a224ac935cac"}
,"C:\\Users\\admin\\Desktop\\Rs-school react\\class-components\\rs-react-app\\src\\components\\styles\\Main.css": {"path":"C:\\Users\\admin\\Desktop\\Rs-school react\\class-components\\rs-react-app\\src\\components\\styles\\Main.css","statementMap":{"0":{"start":{"line":1,"column":20},"end":{"line":1,"column":43}},"1":{"start":{"line":3,"column":0},"end":{"line":3,"column":348}},"2":{"start":{"line":4,"column":0},"end":{"line":4,"column":20}}},"fnMap":{},"branchMap":{},"s":{"0":1,"1":1,"2":1},"f":{},"b":{},"_coverageSchema":"1a1c01bbd47fc00a2c39e90264f33305004495a9","hash":"00da6fa2e97462c0975c35560d28c378d0f0b6be"}
}
