{"C:\\Users\\admin\\Desktop\\Rs-school react\\class-components\\rs-react-app\\src\\components\\Card.tsx": {"path":"C:\\Users\\admin\\Desktop\\Rs-school react\\class-components\\rs-react-app\\src\\components\\Card.tsx","statementMap":{"0":{"start":{"line":1,"column":0},"end":{"line":1,"column":40}},"1":{"start":{"line":7,"column":13},"end":{"line":7,"column":null}},"2":{"start":{"line":7,"column":20},"end":{"line":7,"column":22}},"3":{"start":{"line":7,"column":25},"end":{"line":7,"column":38}},"4":{"start":{"line":7,"column":43},"end":{"line":13,"column":2}},"5":{"start":{"line":15,"column":0},"end":{"line":15,"column":20}}},"fnMap":{"0":{"name":"(anonymous_0)","decl":{"start":{"line":7,"column":13},"end":{"line":7,"column":14}},"loc":{"start":{"line":7,"column":38},"end":{"line":7,"column":null}}}},"branchMap":{},"s":{"0":1,"1":1,"2":1,"3":1,"4":1,"5":1},"f":{"0":1},"b":{}}
}
