TN:
SF:src\components\Bord.tsx
FN:8,(anonymous_1)
FNF:1
FNH:1
FNDA:3,(anonymous_1)
DA:1,1
DA:8,3
DA:9,3
DA:10,1
DA:13,2
DA:14,1
DA:17,1
DA:24,1
LF:8
LH:8
BRDA:9,0,0,1
BRDA:13,1,0,1
BRF:2
BRH:2
end_of_record
TN:
SF:src\components\Card.tsx
FN:7,(anonymous_0)
FNF:1
FNH:1
FNDA:3,(anonymous_0)
DA:1,2
DA:7,3
DA:15,2
LF:3
LH:3
BRF:0
BRH:0
end_of_record
TN:
SF:src\components\CardList.tsx
FN:7,(anonymous_1)
FN:9,(anonymous_2)
FNF:2
FNH:2
FNDA:1,(anonymous_1)
FNDA:2,(anonymous_2)
DA:1,1
DA:7,1
DA:9,2
DA:15,1
LF:4
LH:4
BRF:0
BRH:0
end_of_record
TN:
SF:src\components\ErorrButton.tsx
FN:4,(anonymous_0)
FN:7,(anonymous_1)
FNF:2
FNH:2
FNDA:8,(anonymous_0)
FNDA:1,(anonymous_1)
DA:1,2
DA:2,2
DA:4,2
DA:5,8
DA:7,7
DA:8,1
DA:11,7
DA:12,4
DA:15,3
DA:26,2
LF:10
LH:10
BRDA:11,0,0,4
BRF:1
BRH:1
end_of_record
TN:
SF:src\components\Main.tsx
FN:20,Main
FN:31,(anonymous_4)
FN:32,(anonymous_5)
FN:42,(anonymous_6)
FN:48,(anonymous_7)
FN:52,(anonymous_8)
FN:57,(anonymous_9)
FN:64,(anonymous_10)
FN:65,(anonymous_11)
FN:68,(anonymous_12)
FN:73,(anonymous_13)
FNF:11
FNH:4
FNDA:2,Main
FNDA:1,(anonymous_4)
FNDA:1,(anonymous_5)
FNDA:0,(anonymous_6)
FNDA:0,(anonymous_7)
FNDA:0,(anonymous_8)
FNDA:0,(anonymous_9)
FNDA:0,(anonymous_10)
FNDA:0,(anonymous_11)
FNDA:1,(anonymous_12)
FNDA:0,(anonymous_13)
DA:1,1
DA:2,1
DA:3,1
DA:4,1
DA:5,1
DA:6,1
DA:21,2
DA:27,1
DA:28,1
DA:29,1
DA:31,1
DA:32,1
DA:39,1
DA:43,0
DA:44,0
DA:46,0
DA:49,0
DA:51,0
DA:52,0
DA:53,0
DA:57,0
DA:62,0
DA:65,0
DA:68,1
DA:69,1
DA:70,1
DA:73,1
DA:74,0
DA:75,0
DA:76,0
DA:80,1
DA:114,1
LF:32
LH:19
BRDA:25,0,0,2
BRDA:25,0,1,2
BRDA:29,1,0,1
BRDA:29,1,1,1
BRDA:31,2,0,0
BRDA:31,3,0,0
BRDA:43,4,0,0
BRDA:51,5,0,0
BRDA:69,6,0,1
BRDA:69,6,1,1
BRDA:75,7,0,0
BRDA:83,8,0,1
BRDA:83,8,1,0
BRDA:94,9,0,0
BRDA:94,9,1,0
BRF:15
BRH:7
end_of_record
TN:
SF:src\components\styles\ErorrButton.css
FNF:0
FNH:0
DA:1,1
DA:3,1
DA:4,1
LF:3
LH:3
BRF:0
BRH:0
end_of_record
TN:
SF:src\components\styles\Main.css
FNF:0
FNH:0
DA:1,1
DA:3,1
DA:4,1
LF:3
LH:3
BRF:0
BRH:0
end_of_record
